activitywatch-bin
android-sdk
android-sdk-platform-tools
anki
aw-watcher-window-wayland-git
base
base-devel
bat
bibata-cursor-theme
brave-bin
breaktimer-bin
brightnessctl
btop
catppuccin-gtk-theme-latte
catppuccin-gtk-theme-mocha
copyq
deno
discord
e2fsprogs
efibootmgr
exa
fcitx5
fcitx5-configtool
fcitx5-gtk
fcitx5-qt
fcitx5-rime
fd
firefox
fish
fisher
fluent-reader-bin
font-manager
fzf
git
gnome-keyring
grim
grub
hyprland
hyprpaper
imv
intel-ucode
joshuto-git
kitty
kvantum-git
kvantum-theme-layan-git
lazygit
libgnome-keyring
linux
linux-firmware
linuxqq
mackup
man-db
mpv
neofetch
neovim
netease-cloud-music-gtk4
network-manager-applet
networkmanager
newsflash
nodejs
noto-fonts-cjk
npm
ntfs-3g
nvidia-dkms
nvidia-settings
nwg-look
obs-studio
obsidian
onefetch
os-prober
papirus-icon-theme
polkit-kde-agent
python-pdm
python-pip
qt5ct
ripgrep
rofi-lbonn-wayland-git
rust
sddm
sddm-sugar-candy-git
slurp
starship
stylua
swappy
swayidle
swaylock-effects-git
swaync
swayosd-git
swww
tela-icon-theme
thunar
tlp-rdw
ttc-iosevka
ttf-apple-emoji
ttf-font-awesome
ttf-lxgw-wenkai
unzip
v2raya
visual-studio-code-bin
waybar-hyprland-git
wget
wl-clipboard
wlsunset
xarchiver
xdg-desktop-portal-hyprland
yay-bin
zoxide
zscroll-git
