=========================
Fcitx 5.0.11 -- Get Signal No.: 11
Date: try "date -d @1642754104" if you are using GNU date ***
ProcessID: 1244
fcitx5(+0xbc54)[0x561938e8cc54]
/usr/lib/libc.so.6(+0x3cda0)[0x7f45371dada0]
/usr/lib/fcitx5/libxim.so(+0x956f)[0x7f4535a8756f]
/usr/lib/libFcitx5Core.so.7(_ZNK5fcitx8Instance9postEventERNS_5EventE+0x324)[0x7f45376eb904]
/usr/lib/libFcitx5Core.so.7(_ZN5fcitx12InputContext19updateUserInterfaceENS_22UserInterfaceComponentEb+0x8e)[0x7f4537716e9e]
/usr/lib/libFcitx5Core.so.7(_ZN5fcitx8Instance21deactivateInputMethodERNS_17InputContextEventE+0x5db)[0x7f45376ec50b]
/usr/lib/libFcitx5Core.so.7(_ZNK5fcitx8Instance9postEventERNS_5EventE+0x324)[0x7f45376eb904]
/usr/lib/libFcitx5Core.so.7(_ZN5fcitx12InputContext11setHasFocusEb+0xb0)[0x7f45377167b0]
/usr/lib/libFcitx5Core.so.7(_ZN5fcitx10FocusGroup22setFocusedInputContextEPNS_12InputContextE+0xa8)[0x7f4537715958]
/usr/lib/fcitx5/libxim.so(+0x6f63)[0x7f4535a84f63]
/usr/lib/libxcb-imdkit.so.1(+0xfb63)[0x7f4535850b63]
/usr/lib/libxcb-imdkit.so.1(+0xc270)[0x7f453584d270]
/usr/lib/libxcb-imdkit.so.1(xcb_im_filter_event+0x3d)[0x7f453584dc0d]
/usr/lib/fcitx5/libxim.so(+0x9408)[0x7f4535a87408]
/usr/lib/fcitx5/libxcb.so(+0x1248b)[0x7f453659448b]
/usr/lib/libFcitx5Utils.so.2(+0x4bb57)[0x7f453762bb57]
/usr/lib/libFcitx5Utils.so.2(+0x4b55c)[0x7f453762b55c]
/usr/lib/libFcitx5Utils.so.2(+0x4388f)[0x7f453762388f]
/usr/lib/libsystemd.so.0(+0x7a04b)[0x7f45370c004b]
/usr/lib/libsystemd.so.0(sd_event_dispatch+0x13e)[0x7f45370c024e]
/usr/lib/libsystemd.so.0(sd_event_run+0x119)[0x7f45370c2f59]
/usr/lib/libsystemd.so.0(sd_event_loop+0x60)[0x7f45370c3130]
/usr/lib/libFcitx5Utils.so.2(_ZN5fcitx9EventLoop4execEv+0x12)[0x7f4537623962]
/usr/lib/libFcitx5Core.so.7(_ZN5fcitx8Instance4execEv+0x57)[0x7f45376f29b7]
fcitx5(+0xaaa2)[0x561938e8baa2]
/usr/lib/libc.so.6(__libc_start_main+0xd5)[0x7f45371c5b25]
fcitx5(+0xae9e)[0x561938e8be9e]
